2020-05-12 01:29:02,617  INFO [main] LoginTest:24 - Initializing Web Driver
2020-05-12 01:29:09,568  INFO [main] LoginTest:32 - Getting url from Data.properties file
2020-05-12 01:29:11,553  INFO [main] LoginTest:35 - going to login page
2020-05-12 01:29:12,203  INFO [main] LoginTest:41 - Clicking on Log In button
2020-05-12 01:29:18,211 DEBUG [main] cache:45 - Couldn't find template in cache for "index.ftl"("en", UTF-8, parsed); will try to load it.
2020-05-12 01:29:18,212 DEBUG [main] cache:45 - TemplateLoader.findTemplateSource("index_en.ftl"): Not found
2020-05-12 01:29:18,215 DEBUG [main] cache:45 - TemplateLoader.findTemplateSource("index.ftl"): Found
2020-05-12 01:29:18,216 DEBUG [main] cache:45 - Loading template for "index.ftl"("en", UTF-8, parsed) from "jar:file:/C:/Users/johar/.gradle/caches/modules-2/files-2.1/com.aventstack/extentreports/3.1.5/8db4c7ab2a94cb4656cc6fede1bd9b93886a1c55/extentreports-3.1.5.jar!/com/aventstack/extentreports/view/html-report/index.ftl"
2020-05-12 01:29:18,487 DEBUG [main] cache:45 - Couldn't find template in cache for "head.ftl"("en", UTF-8, parsed); will try to load it.
2020-05-12 01:29:18,488 DEBUG [main] cache:45 - TemplateLoader.findTemplateSource("head_en.ftl"): Not found
2020-05-12 01:29:18,490 DEBUG [main] cache:45 - TemplateLoader.findTemplateSource("head.ftl"): Found
2020-05-12 01:29:18,490 DEBUG [main] cache:45 - Loading template for "head.ftl"("en", UTF-8, parsed) from "jar:file:/C:/Users/johar/.gradle/caches/modules-2/files-2.1/com.aventstack/extentreports/3.1.5/8db4c7ab2a94cb4656cc6fede1bd9b93886a1c55/extentreports-3.1.5.jar!/com/aventstack/extentreports/view/html-report/head.ftl"
2020-05-12 01:29:18,495 DEBUG [main] cache:45 - Couldn't find template in cache for "nav.ftl"("en", UTF-8, parsed); will try to load it.
2020-05-12 01:29:18,496 DEBUG [main] cache:45 - TemplateLoader.findTemplateSource("nav_en.ftl"): Not found
2020-05-12 01:29:18,497 DEBUG [main] cache:45 - TemplateLoader.findTemplateSource("nav.ftl"): Found
2020-05-12 01:29:18,498 DEBUG [main] cache:45 - Loading template for "nav.ftl"("en", UTF-8, parsed) from "jar:file:/C:/Users/johar/.gradle/caches/modules-2/files-2.1/com.aventstack/extentreports/3.1.5/8db4c7ab2a94cb4656cc6fede1bd9b93886a1c55/extentreports-3.1.5.jar!/com/aventstack/extentreports/view/html-report/nav.ftl"
2020-05-12 01:29:18,516 DEBUG [main] cache:45 - Couldn't find template in cache for "test-view/test-view.ftl"("en", UTF-8, parsed); will try to load it.
2020-05-12 01:29:18,518 DEBUG [main] cache:45 - TemplateLoader.findTemplateSource("test-view/test-view_en.ftl"): Not found
2020-05-12 01:29:18,519 DEBUG [main] cache:45 - TemplateLoader.findTemplateSource("test-view/test-view.ftl"): Found
2020-05-12 01:29:18,519 DEBUG [main] cache:45 - Loading template for "test-view/test-view.ftl"("en", UTF-8, parsed) from "jar:file:/C:/Users/johar/.gradle/caches/modules-2/files-2.1/com.aventstack/extentreports/3.1.5/8db4c7ab2a94cb4656cc6fede1bd9b93886a1c55/extentreports-3.1.5.jar!/com/aventstack/extentreports/view/html-report/test-view/test-view.ftl"
2020-05-12 01:29:18,535 DEBUG [main] cache:45 - Couldn't find template in cache for "test-view/test-view-charts.ftl"("en", UTF-8, parsed); will try to load it.
2020-05-12 01:29:18,536 DEBUG [main] cache:45 - TemplateLoader.findTemplateSource("test-view/test-view-charts_en.ftl"): Not found
2020-05-12 01:29:18,537 DEBUG [main] cache:45 - TemplateLoader.findTemplateSource("test-view/test-view-charts.ftl"): Found
2020-05-12 01:29:18,537 DEBUG [main] cache:45 - Loading template for "test-view/test-view-charts.ftl"("en", UTF-8, parsed) from "jar:file:/C:/Users/johar/.gradle/caches/modules-2/files-2.1/com.aventstack/extentreports/3.1.5/8db4c7ab2a94cb4656cc6fede1bd9b93886a1c55/extentreports-3.1.5.jar!/com/aventstack/extentreports/view/html-report/test-view/test-view-charts.ftl"
2020-05-12 01:29:18,559 DEBUG [main] cache:45 - Couldn't find template in cache for "test-view/standard.ftl"("en", UTF-8, parsed); will try to load it.
2020-05-12 01:29:18,560 DEBUG [main] cache:45 - TemplateLoader.findTemplateSource("test-view/standard_en.ftl"): Not found
2020-05-12 01:29:18,561 DEBUG [main] cache:45 - TemplateLoader.findTemplateSource("test-view/standard.ftl"): Found
2020-05-12 01:29:18,562 DEBUG [main] cache:45 - Loading template for "test-view/standard.ftl"("en", UTF-8, parsed) from "jar:file:/C:/Users/johar/.gradle/caches/modules-2/files-2.1/com.aventstack/extentreports/3.1.5/8db4c7ab2a94cb4656cc6fede1bd9b93886a1c55/extentreports-3.1.5.jar!/com/aventstack/extentreports/view/html-report/test-view/standard.ftl"
2020-05-12 01:29:18,602 DEBUG [main] cache:45 - Couldn't find template in cache for "category-view/category-view.ftl"("en", UTF-8, parsed); will try to load it.
2020-05-12 01:29:18,603 DEBUG [main] cache:45 - TemplateLoader.findTemplateSource("category-view/category-view_en.ftl"): Not found
2020-05-12 01:29:18,603 DEBUG [main] cache:45 - TemplateLoader.findTemplateSource("category-view/category-view.ftl"): Found
2020-05-12 01:29:18,603 DEBUG [main] cache:45 - Loading template for "category-view/category-view.ftl"("en", UTF-8, parsed) from "jar:file:/C:/Users/johar/.gradle/caches/modules-2/files-2.1/com.aventstack/extentreports/3.1.5/8db4c7ab2a94cb4656cc6fede1bd9b93886a1c55/extentreports-3.1.5.jar!/com/aventstack/extentreports/view/html-report/category-view/category-view.ftl"
2020-05-12 01:29:18,607 DEBUG [main] cache:45 - Couldn't find template in cache for "author-view/author-view.ftl"("en", UTF-8, parsed); will try to load it.
2020-05-12 01:29:18,607 DEBUG [main] cache:45 - TemplateLoader.findTemplateSource("author-view/author-view_en.ftl"): Not found
2020-05-12 01:29:18,608 DEBUG [main] cache:45 - TemplateLoader.findTemplateSource("author-view/author-view.ftl"): Found
2020-05-12 01:29:18,608 DEBUG [main] cache:45 - Loading template for "author-view/author-view.ftl"("en", UTF-8, parsed) from "jar:file:/C:/Users/johar/.gradle/caches/modules-2/files-2.1/com.aventstack/extentreports/3.1.5/8db4c7ab2a94cb4656cc6fede1bd9b93886a1c55/extentreports-3.1.5.jar!/com/aventstack/extentreports/view/html-report/author-view/author-view.ftl"
2020-05-12 01:29:18,612 DEBUG [main] cache:45 - Couldn't find template in cache for "exception-view/exception-view.ftl"("en", UTF-8, parsed); will try to load it.
2020-05-12 01:29:18,613 DEBUG [main] cache:45 - TemplateLoader.findTemplateSource("exception-view/exception-view_en.ftl"): Not found
2020-05-12 01:29:18,613 DEBUG [main] cache:45 - TemplateLoader.findTemplateSource("exception-view/exception-view.ftl"): Found
2020-05-12 01:29:18,614 DEBUG [main] cache:45 - Loading template for "exception-view/exception-view.ftl"("en", UTF-8, parsed) from "jar:file:/C:/Users/johar/.gradle/caches/modules-2/files-2.1/com.aventstack/extentreports/3.1.5/8db4c7ab2a94cb4656cc6fede1bd9b93886a1c55/extentreports-3.1.5.jar!/com/aventstack/extentreports/view/html-report/exception-view/exception-view.ftl"
2020-05-12 01:29:18,618 DEBUG [main] cache:45 - Couldn't find template in cache for "dashboard-view/dashboard-view.ftl"("en", UTF-8, parsed); will try to load it.
2020-05-12 01:29:18,619 DEBUG [main] cache:45 - TemplateLoader.findTemplateSource("dashboard-view/dashboard-view_en.ftl"): Not found
2020-05-12 01:29:18,620 DEBUG [main] cache:45 - TemplateLoader.findTemplateSource("dashboard-view/dashboard-view.ftl"): Found
2020-05-12 01:29:18,620 DEBUG [main] cache:45 - Loading template for "dashboard-view/dashboard-view.ftl"("en", UTF-8, parsed) from "jar:file:/C:/Users/johar/.gradle/caches/modules-2/files-2.1/com.aventstack/extentreports/3.1.5/8db4c7ab2a94cb4656cc6fede1bd9b93886a1c55/extentreports-3.1.5.jar!/com/aventstack/extentreports/view/html-report/dashboard-view/dashboard-view.ftl"
2020-05-12 01:29:18,629 DEBUG [main] cache:45 - Couldn't find template in cache for "logs-view/testrunner-logs-view.ftl"("en", UTF-8, parsed); will try to load it.
2020-05-12 01:29:18,629 DEBUG [main] cache:45 - TemplateLoader.findTemplateSource("logs-view/testrunner-logs-view_en.ftl"): Not found
2020-05-12 01:29:18,630 DEBUG [main] cache:45 - TemplateLoader.findTemplateSource("logs-view/testrunner-logs-view.ftl"): Found
2020-05-12 01:29:18,630 DEBUG [main] cache:45 - Loading template for "logs-view/testrunner-logs-view.ftl"("en", UTF-8, parsed) from "jar:file:/C:/Users/johar/.gradle/caches/modules-2/files-2.1/com.aventstack/extentreports/3.1.5/8db4c7ab2a94cb4656cc6fede1bd9b93886a1c55/extentreports-3.1.5.jar!/com/aventstack/extentreports/view/html-report/logs-view/testrunner-logs-view.ftl"
2020-05-12 01:29:18,636 DEBUG [main] cache:45 - Couldn't find template in cache for "index.ftl"("en", UTF-8, parsed); will try to load it.
2020-05-12 01:29:18,636 DEBUG [main] cache:45 - TemplateLoader.findTemplateSource("index_en.ftl"): Not found
2020-05-12 01:29:18,637 DEBUG [main] cache:45 - TemplateLoader.findTemplateSource("index.ftl"): Found
2020-05-12 01:29:18,637 DEBUG [main] cache:45 - Loading template for "index.ftl"("en", UTF-8, parsed) from "jar:file:/C:/Users/johar/.gradle/caches/modules-2/files-2.1/com.aventstack/extentreports/3.1.5/8db4c7ab2a94cb4656cc6fede1bd9b93886a1c55/extentreports-3.1.5.jar!/com/aventstack/extentreports/view/html-report/index.ftl"
2020-05-12 01:29:18,645 DEBUG [main] cache:45 - Couldn't find template in cache for "head.ftl"("en", UTF-8, parsed); will try to load it.
2020-05-12 01:29:18,646 DEBUG [main] cache:45 - TemplateLoader.findTemplateSource("head_en.ftl"): Not found
2020-05-12 01:29:18,646 DEBUG [main] cache:45 - TemplateLoader.findTemplateSource("head.ftl"): Found
2020-05-12 01:29:18,646 DEBUG [main] cache:45 - Loading template for "head.ftl"("en", UTF-8, parsed) from "jar:file:/C:/Users/johar/.gradle/caches/modules-2/files-2.1/com.aventstack/extentreports/3.1.5/8db4c7ab2a94cb4656cc6fede1bd9b93886a1c55/extentreports-3.1.5.jar!/com/aventstack/extentreports/view/html-report/head.ftl"
2020-05-12 01:29:18,650 DEBUG [main] cache:45 - Couldn't find template in cache for "nav.ftl"("en", UTF-8, parsed); will try to load it.
2020-05-12 01:29:18,651 DEBUG [main] cache:45 - TemplateLoader.findTemplateSource("nav_en.ftl"): Not found
2020-05-12 01:29:18,651 DEBUG [main] cache:45 - TemplateLoader.findTemplateSource("nav.ftl"): Found
2020-05-12 01:29:18,652 DEBUG [main] cache:45 - Loading template for "nav.ftl"("en", UTF-8, parsed) from "jar:file:/C:/Users/johar/.gradle/caches/modules-2/files-2.1/com.aventstack/extentreports/3.1.5/8db4c7ab2a94cb4656cc6fede1bd9b93886a1c55/extentreports-3.1.5.jar!/com/aventstack/extentreports/view/html-report/nav.ftl"
2020-05-12 01:29:18,656 DEBUG [main] cache:45 - Couldn't find template in cache for "test-view/test-view.ftl"("en", UTF-8, parsed); will try to load it.
2020-05-12 01:29:18,657 DEBUG [main] cache:45 - TemplateLoader.findTemplateSource("test-view/test-view_en.ftl"): Not found
2020-05-12 01:29:18,657 DEBUG [main] cache:45 - TemplateLoader.findTemplateSource("test-view/test-view.ftl"): Found
2020-05-12 01:29:18,658 DEBUG [main] cache:45 - Loading template for "test-view/test-view.ftl"("en", UTF-8, parsed) from "jar:file:/C:/Users/johar/.gradle/caches/modules-2/files-2.1/com.aventstack/extentreports/3.1.5/8db4c7ab2a94cb4656cc6fede1bd9b93886a1c55/extentreports-3.1.5.jar!/com/aventstack/extentreports/view/html-report/test-view/test-view.ftl"
2020-05-12 01:29:18,665 DEBUG [main] cache:45 - Couldn't find template in cache for "test-view/test-view-charts.ftl"("en", UTF-8, parsed); will try to load it.
2020-05-12 01:29:18,665 DEBUG [main] cache:45 - TemplateLoader.findTemplateSource("test-view/test-view-charts_en.ftl"): Not found
2020-05-12 01:29:18,666 DEBUG [main] cache:45 - TemplateLoader.findTemplateSource("test-view/test-view-charts.ftl"): Found
2020-05-12 01:29:18,666 DEBUG [main] cache:45 - Loading template for "test-view/test-view-charts.ftl"("en", UTF-8, parsed) from "jar:file:/C:/Users/johar/.gradle/caches/modules-2/files-2.1/com.aventstack/extentreports/3.1.5/8db4c7ab2a94cb4656cc6fede1bd9b93886a1c55/extentreports-3.1.5.jar!/com/aventstack/extentreports/view/html-report/test-view/test-view-charts.ftl"
2020-05-12 01:29:18,671 DEBUG [main] cache:45 - Couldn't find template in cache for "test-view/standard.ftl"("en", UTF-8, parsed); will try to load it.
2020-05-12 01:29:18,671 DEBUG [main] cache:45 - TemplateLoader.findTemplateSource("test-view/standard_en.ftl"): Not found
2020-05-12 01:29:18,672 DEBUG [main] cache:45 - TemplateLoader.findTemplateSource("test-view/standard.ftl"): Found
2020-05-12 01:29:18,672 DEBUG [main] cache:45 - Loading template for "test-view/standard.ftl"("en", UTF-8, parsed) from "jar:file:/C:/Users/johar/.gradle/caches/modules-2/files-2.1/com.aventstack/extentreports/3.1.5/8db4c7ab2a94cb4656cc6fede1bd9b93886a1c55/extentreports-3.1.5.jar!/com/aventstack/extentreports/view/html-report/test-view/standard.ftl"
2020-05-12 01:29:18,681 DEBUG [main] cache:45 - Couldn't find template in cache for "category-view/category-view.ftl"("en", UTF-8, parsed); will try to load it.
2020-05-12 01:29:18,682 DEBUG [main] cache:45 - TemplateLoader.findTemplateSource("category-view/category-view_en.ftl"): Not found
2020-05-12 01:29:18,682 DEBUG [main] cache:45 - TemplateLoader.findTemplateSource("category-view/category-view.ftl"): Found
2020-05-12 01:29:18,683 DEBUG [main] cache:45 - Loading template for "category-view/category-view.ftl"("en", UTF-8, parsed) from "jar:file:/C:/Users/johar/.gradle/caches/modules-2/files-2.1/com.aventstack/extentreports/3.1.5/8db4c7ab2a94cb4656cc6fede1bd9b93886a1c55/extentreports-3.1.5.jar!/com/aventstack/extentreports/view/html-report/category-view/category-view.ftl"
2020-05-12 01:29:18,687 DEBUG [main] cache:45 - Couldn't find template in cache for "author-view/author-view.ftl"("en", UTF-8, parsed); will try to load it.
2020-05-12 01:29:18,688 DEBUG [main] cache:45 - TemplateLoader.findTemplateSource("author-view/author-view_en.ftl"): Not found
2020-05-12 01:29:18,688 DEBUG [main] cache:45 - TemplateLoader.findTemplateSource("author-view/author-view.ftl"): Found
2020-05-12 01:29:18,690 DEBUG [main] cache:45 - Loading template for "author-view/author-view.ftl"("en", UTF-8, parsed) from "jar:file:/C:/Users/johar/.gradle/caches/modules-2/files-2.1/com.aventstack/extentreports/3.1.5/8db4c7ab2a94cb4656cc6fede1bd9b93886a1c55/extentreports-3.1.5.jar!/com/aventstack/extentreports/view/html-report/author-view/author-view.ftl"
2020-05-12 01:29:18,694 DEBUG [main] cache:45 - Couldn't find template in cache for "exception-view/exception-view.ftl"("en", UTF-8, parsed); will try to load it.
2020-05-12 01:29:18,694 DEBUG [main] cache:45 - TemplateLoader.findTemplateSource("exception-view/exception-view_en.ftl"): Not found
2020-05-12 01:29:18,695 DEBUG [main] cache:45 - TemplateLoader.findTemplateSource("exception-view/exception-view.ftl"): Found
2020-05-12 01:29:18,695 DEBUG [main] cache:45 - Loading template for "exception-view/exception-view.ftl"("en", UTF-8, parsed) from "jar:file:/C:/Users/johar/.gradle/caches/modules-2/files-2.1/com.aventstack/extentreports/3.1.5/8db4c7ab2a94cb4656cc6fede1bd9b93886a1c55/extentreports-3.1.5.jar!/com/aventstack/extentreports/view/html-report/exception-view/exception-view.ftl"
2020-05-12 01:29:18,700 DEBUG [main] cache:45 - Couldn't find template in cache for "dashboard-view/dashboard-view.ftl"("en", UTF-8, parsed); will try to load it.
2020-05-12 01:29:18,700 DEBUG [main] cache:45 - TemplateLoader.findTemplateSource("dashboard-view/dashboard-view_en.ftl"): Not found
2020-05-12 01:29:18,701 DEBUG [main] cache:45 - TemplateLoader.findTemplateSource("dashboard-view/dashboard-view.ftl"): Found
2020-05-12 01:29:18,702 DEBUG [main] cache:45 - Loading template for "dashboard-view/dashboard-view.ftl"("en", UTF-8, parsed) from "jar:file:/C:/Users/johar/.gradle/caches/modules-2/files-2.1/com.aventstack/extentreports/3.1.5/8db4c7ab2a94cb4656cc6fede1bd9b93886a1c55/extentreports-3.1.5.jar!/com/aventstack/extentreports/view/html-report/dashboard-view/dashboard-view.ftl"
2020-05-12 01:29:18,707 DEBUG [main] cache:45 - Couldn't find template in cache for "logs-view/testrunner-logs-view.ftl"("en", UTF-8, parsed); will try to load it.
2020-05-12 01:29:18,708 DEBUG [main] cache:45 - TemplateLoader.findTemplateSource("logs-view/testrunner-logs-view_en.ftl"): Not found
2020-05-12 01:29:18,709 DEBUG [main] cache:45 - TemplateLoader.findTemplateSource("logs-view/testrunner-logs-view.ftl"): Found
2020-05-12 01:29:18,710 DEBUG [main] cache:45 - Loading template for "logs-view/testrunner-logs-view.ftl"("en", UTF-8, parsed) from "jar:file:/C:/Users/johar/.gradle/caches/modules-2/files-2.1/com.aventstack/extentreports/3.1.5/8db4c7ab2a94cb4656cc6fede1bd9b93886a1c55/extentreports-3.1.5.jar!/com/aventstack/extentreports/view/html-report/logs-view/testrunner-logs-view.ftl"
2020-05-12 01:29:19,401  INFO [main] LoginTest:24 - Initializing Web Driver
2020-05-12 01:29:24,775  INFO [main] LoginTest:32 - Getting url from Data.properties file
2020-05-12 01:29:31,025  INFO [main] LoginTest:35 - going to login page
2020-05-12 01:29:41,846  INFO [main] LoginTest:24 - Initializing Web Driver
2020-05-12 01:29:47,172  INFO [main] LoginTest:32 - Getting url from Data.properties file
2020-05-12 01:29:48,888  INFO [main] LoginTest:35 - going to login page
2020-05-12 01:29:49,262  INFO [main] LoginTest:41 - Clicking on Log In button
2020-05-12 01:30:00,240  INFO [main] LoginTest:24 - Initializing Web Driver
2020-05-12 01:30:05,519  INFO [main] LoginTest:32 - Getting url from Data.properties file
2020-05-12 01:30:07,137  INFO [main] LoginTest:35 - going to login page
2020-05-12 01:30:07,505  INFO [main] LoginTest:41 - Clicking on Log In button
2020-05-12 01:30:18,284 DEBUG [main] cache:45 - Couldn't find template in cache for "index.ftl"("en", UTF-8, parsed); will try to load it.
2020-05-12 01:30:18,285 DEBUG [main] cache:45 - TemplateLoader.findTemplateSource("index_en.ftl"): Not found
2020-05-12 01:30:18,286 DEBUG [main] cache:45 - TemplateLoader.findTemplateSource("index.ftl"): Found
2020-05-12 01:30:18,286 DEBUG [main] cache:45 - Loading template for "index.ftl"("en", UTF-8, parsed) from "jar:file:/C:/Users/johar/.gradle/caches/modules-2/files-2.1/com.aventstack/extentreports/3.1.5/8db4c7ab2a94cb4656cc6fede1bd9b93886a1c55/extentreports-3.1.5.jar!/com/aventstack/extentreports/view/html-report/index.ftl"
2020-05-12 01:30:18,296 DEBUG [main] cache:45 - Couldn't find template in cache for "head.ftl"("en", UTF-8, parsed); will try to load it.
2020-05-12 01:30:18,298 DEBUG [main] cache:45 - TemplateLoader.findTemplateSource("head_en.ftl"): Not found
2020-05-12 01:30:18,298 DEBUG [main] cache:45 - TemplateLoader.findTemplateSource("head.ftl"): Found
2020-05-12 01:30:18,299 DEBUG [main] cache:45 - Loading template for "head.ftl"("en", UTF-8, parsed) from "jar:file:/C:/Users/johar/.gradle/caches/modules-2/files-2.1/com.aventstack/extentreports/3.1.5/8db4c7ab2a94cb4656cc6fede1bd9b93886a1c55/extentreports-3.1.5.jar!/com/aventstack/extentreports/view/html-report/head.ftl"
2020-05-12 01:30:18,303 DEBUG [main] cache:45 - Couldn't find template in cache for "nav.ftl"("en", UTF-8, parsed); will try to load it.
2020-05-12 01:30:18,305 DEBUG [main] cache:45 - TemplateLoader.findTemplateSource("nav_en.ftl"): Not found
2020-05-12 01:30:18,306 DEBUG [main] cache:45 - TemplateLoader.findTemplateSource("nav.ftl"): Found
2020-05-12 01:30:18,306 DEBUG [main] cache:45 - Loading template for "nav.ftl"("en", UTF-8, parsed) from "jar:file:/C:/Users/johar/.gradle/caches/modules-2/files-2.1/com.aventstack/extentreports/3.1.5/8db4c7ab2a94cb4656cc6fede1bd9b93886a1c55/extentreports-3.1.5.jar!/com/aventstack/extentreports/view/html-report/nav.ftl"
2020-05-12 01:30:18,310 DEBUG [main] cache:45 - Couldn't find template in cache for "test-view/test-view.ftl"("en", UTF-8, parsed); will try to load it.
2020-05-12 01:30:18,311 DEBUG [main] cache:45 - TemplateLoader.findTemplateSource("test-view/test-view_en.ftl"): Not found
2020-05-12 01:30:18,313 DEBUG [main] cache:45 - TemplateLoader.findTemplateSource("test-view/test-view.ftl"): Found
2020-05-12 01:30:18,313 DEBUG [main] cache:45 - Loading template for "test-view/test-view.ftl"("en", UTF-8, parsed) from "jar:file:/C:/Users/johar/.gradle/caches/modules-2/files-2.1/com.aventstack/extentreports/3.1.5/8db4c7ab2a94cb4656cc6fede1bd9b93886a1c55/extentreports-3.1.5.jar!/com/aventstack/extentreports/view/html-report/test-view/test-view.ftl"
2020-05-12 01:30:18,322 DEBUG [main] cache:45 - Couldn't find template in cache for "test-view/test-view-charts.ftl"("en", UTF-8, parsed); will try to load it.
2020-05-12 01:30:18,323 DEBUG [main] cache:45 - TemplateLoader.findTemplateSource("test-view/test-view-charts_en.ftl"): Not found
2020-05-12 01:30:18,324 DEBUG [main] cache:45 - TemplateLoader.findTemplateSource("test-view/test-view-charts.ftl"): Found
2020-05-12 01:30:18,324 DEBUG [main] cache:45 - Loading template for "test-view/test-view-charts.ftl"("en", UTF-8, parsed) from "jar:file:/C:/Users/johar/.gradle/caches/modules-2/files-2.1/com.aventstack/extentreports/3.1.5/8db4c7ab2a94cb4656cc6fede1bd9b93886a1c55/extentreports-3.1.5.jar!/com/aventstack/extentreports/view/html-report/test-view/test-view-charts.ftl"
2020-05-12 01:30:18,330 DEBUG [main] cache:45 - Couldn't find template in cache for "test-view/standard.ftl"("en", UTF-8, parsed); will try to load it.
2020-05-12 01:30:18,331 DEBUG [main] cache:45 - TemplateLoader.findTemplateSource("test-view/standard_en.ftl"): Not found
2020-05-12 01:30:18,332 DEBUG [main] cache:45 - TemplateLoader.findTemplateSource("test-view/standard.ftl"): Found
2020-05-12 01:30:18,332 DEBUG [main] cache:45 - Loading template for "test-view/standard.ftl"("en", UTF-8, parsed) from "jar:file:/C:/Users/johar/.gradle/caches/modules-2/files-2.1/com.aventstack/extentreports/3.1.5/8db4c7ab2a94cb4656cc6fede1bd9b93886a1c55/extentreports-3.1.5.jar!/com/aventstack/extentreports/view/html-report/test-view/standard.ftl"
2020-05-12 01:30:18,341 DEBUG [main] cache:45 - "test-view/standard.ftl"("en", UTF-8, parsed) cached copy not yet stale; using cached.
2020-05-12 01:30:18,344 DEBUG [main] cache:45 - "test-view/standard.ftl"("en", UTF-8, parsed) cached copy not yet stale; using cached.
2020-05-12 01:30:18,346 DEBUG [main] cache:45 - "test-view/standard.ftl"("en", UTF-8, parsed) cached copy not yet stale; using cached.
2020-05-12 01:30:18,348 DEBUG [main] cache:45 - Couldn't find template in cache for "category-view/category-view.ftl"("en", UTF-8, parsed); will try to load it.
2020-05-12 01:30:18,349 DEBUG [main] cache:45 - TemplateLoader.findTemplateSource("category-view/category-view_en.ftl"): Not found
2020-05-12 01:30:18,350 DEBUG [main] cache:45 - TemplateLoader.findTemplateSource("category-view/category-view.ftl"): Found
2020-05-12 01:30:18,350 DEBUG [main] cache:45 - Loading template for "category-view/category-view.ftl"("en", UTF-8, parsed) from "jar:file:/C:/Users/johar/.gradle/caches/modules-2/files-2.1/com.aventstack/extentreports/3.1.5/8db4c7ab2a94cb4656cc6fede1bd9b93886a1c55/extentreports-3.1.5.jar!/com/aventstack/extentreports/view/html-report/category-view/category-view.ftl"
2020-05-12 01:30:18,356 DEBUG [main] cache:45 - Couldn't find template in cache for "author-view/author-view.ftl"("en", UTF-8, parsed); will try to load it.
2020-05-12 01:30:18,357 DEBUG [main] cache:45 - TemplateLoader.findTemplateSource("author-view/author-view_en.ftl"): Not found
2020-05-12 01:30:18,358 DEBUG [main] cache:45 - TemplateLoader.findTemplateSource("author-view/author-view.ftl"): Found
2020-05-12 01:30:18,358 DEBUG [main] cache:45 - Loading template for "author-view/author-view.ftl"("en", UTF-8, parsed) from "jar:file:/C:/Users/johar/.gradle/caches/modules-2/files-2.1/com.aventstack/extentreports/3.1.5/8db4c7ab2a94cb4656cc6fede1bd9b93886a1c55/extentreports-3.1.5.jar!/com/aventstack/extentreports/view/html-report/author-view/author-view.ftl"
2020-05-12 01:30:18,363 DEBUG [main] cache:45 - Couldn't find template in cache for "exception-view/exception-view.ftl"("en", UTF-8, parsed); will try to load it.
2020-05-12 01:30:18,364 DEBUG [main] cache:45 - TemplateLoader.findTemplateSource("exception-view/exception-view_en.ftl"): Not found
2020-05-12 01:30:18,365 DEBUG [main] cache:45 - TemplateLoader.findTemplateSource("exception-view/exception-view.ftl"): Found
2020-05-12 01:30:18,365 DEBUG [main] cache:45 - Loading template for "exception-view/exception-view.ftl"("en", UTF-8, parsed) from "jar:file:/C:/Users/johar/.gradle/caches/modules-2/files-2.1/com.aventstack/extentreports/3.1.5/8db4c7ab2a94cb4656cc6fede1bd9b93886a1c55/extentreports-3.1.5.jar!/com/aventstack/extentreports/view/html-report/exception-view/exception-view.ftl"
2020-05-12 01:30:18,369 DEBUG [main] cache:45 - Couldn't find template in cache for "dashboard-view/dashboard-view.ftl"("en", UTF-8, parsed); will try to load it.
2020-05-12 01:30:18,369 DEBUG [main] cache:45 - TemplateLoader.findTemplateSource("dashboard-view/dashboard-view_en.ftl"): Not found
2020-05-12 01:30:18,370 DEBUG [main] cache:45 - TemplateLoader.findTemplateSource("dashboard-view/dashboard-view.ftl"): Found
2020-05-12 01:30:18,370 DEBUG [main] cache:45 - Loading template for "dashboard-view/dashboard-view.ftl"("en", UTF-8, parsed) from "jar:file:/C:/Users/johar/.gradle/caches/modules-2/files-2.1/com.aventstack/extentreports/3.1.5/8db4c7ab2a94cb4656cc6fede1bd9b93886a1c55/extentreports-3.1.5.jar!/com/aventstack/extentreports/view/html-report/dashboard-view/dashboard-view.ftl"
2020-05-12 01:30:18,376 DEBUG [main] cache:45 - Couldn't find template in cache for "logs-view/testrunner-logs-view.ftl"("en", UTF-8, parsed); will try to load it.
2020-05-12 01:30:18,377 DEBUG [main] cache:45 - TemplateLoader.findTemplateSource("logs-view/testrunner-logs-view_en.ftl"): Not found
2020-05-12 01:30:18,377 DEBUG [main] cache:45 - TemplateLoader.findTemplateSource("logs-view/testrunner-logs-view.ftl"): Found
2020-05-12 01:30:18,378 DEBUG [main] cache:45 - Loading template for "logs-view/testrunner-logs-view.ftl"("en", UTF-8, parsed) from "jar:file:/C:/Users/johar/.gradle/caches/modules-2/files-2.1/com.aventstack/extentreports/3.1.5/8db4c7ab2a94cb4656cc6fede1bd9b93886a1c55/extentreports-3.1.5.jar!/com/aventstack/extentreports/view/html-report/logs-view/testrunner-logs-view.ftl"
2020-05-12 01:30:18,383 DEBUG [main] cache:45 - Couldn't find template in cache for "index.ftl"("en", UTF-8, parsed); will try to load it.
2020-05-12 01:30:18,383 DEBUG [main] cache:45 - TemplateLoader.findTemplateSource("index_en.ftl"): Not found
2020-05-12 01:30:18,384 DEBUG [main] cache:45 - TemplateLoader.findTemplateSource("index.ftl"): Found
2020-05-12 01:30:18,384 DEBUG [main] cache:45 - Loading template for "index.ftl"("en", UTF-8, parsed) from "jar:file:/C:/Users/johar/.gradle/caches/modules-2/files-2.1/com.aventstack/extentreports/3.1.5/8db4c7ab2a94cb4656cc6fede1bd9b93886a1c55/extentreports-3.1.5.jar!/com/aventstack/extentreports/view/html-report/index.ftl"
2020-05-12 01:30:18,392 DEBUG [main] cache:45 - Couldn't find template in cache for "head.ftl"("en", UTF-8, parsed); will try to load it.
2020-05-12 01:30:18,393 DEBUG [main] cache:45 - TemplateLoader.findTemplateSource("head_en.ftl"): Not found
2020-05-12 01:30:18,394 DEBUG [main] cache:45 - TemplateLoader.findTemplateSource("head.ftl"): Found
2020-05-12 01:30:18,394 DEBUG [main] cache:45 - Loading template for "head.ftl"("en", UTF-8, parsed) from "jar:file:/C:/Users/johar/.gradle/caches/modules-2/files-2.1/com.aventstack/extentreports/3.1.5/8db4c7ab2a94cb4656cc6fede1bd9b93886a1c55/extentreports-3.1.5.jar!/com/aventstack/extentreports/view/html-report/head.ftl"
2020-05-12 01:30:18,397 DEBUG [main] cache:45 - Couldn't find template in cache for "nav.ftl"("en", UTF-8, parsed); will try to load it.
2020-05-12 01:30:18,398 DEBUG [main] cache:45 - TemplateLoader.findTemplateSource("nav_en.ftl"): Not found
2020-05-12 01:30:18,399 DEBUG [main] cache:45 - TemplateLoader.findTemplateSource("nav.ftl"): Found
2020-05-12 01:30:18,399 DEBUG [main] cache:45 - Loading template for "nav.ftl"("en", UTF-8, parsed) from "jar:file:/C:/Users/johar/.gradle/caches/modules-2/files-2.1/com.aventstack/extentreports/3.1.5/8db4c7ab2a94cb4656cc6fede1bd9b93886a1c55/extentreports-3.1.5.jar!/com/aventstack/extentreports/view/html-report/nav.ftl"
2020-05-12 01:30:18,402 DEBUG [main] cache:45 - Couldn't find template in cache for "test-view/test-view.ftl"("en", UTF-8, parsed); will try to load it.
2020-05-12 01:30:18,403 DEBUG [main] cache:45 - TemplateLoader.findTemplateSource("test-view/test-view_en.ftl"): Not found
2020-05-12 01:30:18,404 DEBUG [main] cache:45 - TemplateLoader.findTemplateSource("test-view/test-view.ftl"): Found
2020-05-12 01:30:18,404 DEBUG [main] cache:45 - Loading template for "test-view/test-view.ftl"("en", UTF-8, parsed) from "jar:file:/C:/Users/johar/.gradle/caches/modules-2/files-2.1/com.aventstack/extentreports/3.1.5/8db4c7ab2a94cb4656cc6fede1bd9b93886a1c55/extentreports-3.1.5.jar!/com/aventstack/extentreports/view/html-report/test-view/test-view.ftl"
2020-05-12 01:30:18,411 DEBUG [main] cache:45 - Couldn't find template in cache for "test-view/test-view-charts.ftl"("en", UTF-8, parsed); will try to load it.
2020-05-12 01:30:18,412 DEBUG [main] cache:45 - TemplateLoader.findTemplateSource("test-view/test-view-charts_en.ftl"): Not found
2020-05-12 01:30:18,413 DEBUG [main] cache:45 - TemplateLoader.findTemplateSource("test-view/test-view-charts.ftl"): Found
2020-05-12 01:30:18,413 DEBUG [main] cache:45 - Loading template for "test-view/test-view-charts.ftl"("en", UTF-8, parsed) from "jar:file:/C:/Users/johar/.gradle/caches/modules-2/files-2.1/com.aventstack/extentreports/3.1.5/8db4c7ab2a94cb4656cc6fede1bd9b93886a1c55/extentreports-3.1.5.jar!/com/aventstack/extentreports/view/html-report/test-view/test-view-charts.ftl"
2020-05-12 01:30:18,420 DEBUG [main] cache:45 - Couldn't find template in cache for "test-view/standard.ftl"("en", UTF-8, parsed); will try to load it.
2020-05-12 01:30:18,421 DEBUG [main] cache:45 - TemplateLoader.findTemplateSource("test-view/standard_en.ftl"): Not found
2020-05-12 01:30:18,422 DEBUG [main] cache:45 - TemplateLoader.findTemplateSource("test-view/standard.ftl"): Found
2020-05-12 01:30:18,422 DEBUG [main] cache:45 - Loading template for "test-view/standard.ftl"("en", UTF-8, parsed) from "jar:file:/C:/Users/johar/.gradle/caches/modules-2/files-2.1/com.aventstack/extentreports/3.1.5/8db4c7ab2a94cb4656cc6fede1bd9b93886a1c55/extentreports-3.1.5.jar!/com/aventstack/extentreports/view/html-report/test-view/standard.ftl"
2020-05-12 01:30:18,430 DEBUG [main] cache:45 - "test-view/standard.ftl"("en", UTF-8, parsed) cached copy not yet stale; using cached.
2020-05-12 01:30:18,432 DEBUG [main] cache:45 - "test-view/standard.ftl"("en", UTF-8, parsed) cached copy not yet stale; using cached.
2020-05-12 01:30:18,434 DEBUG [main] cache:45 - "test-view/standard.ftl"("en", UTF-8, parsed) cached copy not yet stale; using cached.
2020-05-12 01:30:18,436 DEBUG [main] cache:45 - Couldn't find template in cache for "category-view/category-view.ftl"("en", UTF-8, parsed); will try to load it.
2020-05-12 01:30:18,437 DEBUG [main] cache:45 - TemplateLoader.findTemplateSource("category-view/category-view_en.ftl"): Not found
2020-05-12 01:30:18,438 DEBUG [main] cache:45 - TemplateLoader.findTemplateSource("category-view/category-view.ftl"): Found
2020-05-12 01:30:18,438 DEBUG [main] cache:45 - Loading template for "category-view/category-view.ftl"("en", UTF-8, parsed) from "jar:file:/C:/Users/johar/.gradle/caches/modules-2/files-2.1/com.aventstack/extentreports/3.1.5/8db4c7ab2a94cb4656cc6fede1bd9b93886a1c55/extentreports-3.1.5.jar!/com/aventstack/extentreports/view/html-report/category-view/category-view.ftl"
2020-05-12 01:30:18,442 DEBUG [main] cache:45 - Couldn't find template in cache for "author-view/author-view.ftl"("en", UTF-8, parsed); will try to load it.
2020-05-12 01:30:18,443 DEBUG [main] cache:45 - TemplateLoader.findTemplateSource("author-view/author-view_en.ftl"): Not found
2020-05-12 01:30:18,443 DEBUG [main] cache:45 - TemplateLoader.findTemplateSource("author-view/author-view.ftl"): Found
2020-05-12 01:30:18,444 DEBUG [main] cache:45 - Loading template for "author-view/author-view.ftl"("en", UTF-8, parsed) from "jar:file:/C:/Users/johar/.gradle/caches/modules-2/files-2.1/com.aventstack/extentreports/3.1.5/8db4c7ab2a94cb4656cc6fede1bd9b93886a1c55/extentreports-3.1.5.jar!/com/aventstack/extentreports/view/html-report/author-view/author-view.ftl"
2020-05-12 01:30:18,448 DEBUG [main] cache:45 - Couldn't find template in cache for "exception-view/exception-view.ftl"("en", UTF-8, parsed); will try to load it.
2020-05-12 01:30:18,449 DEBUG [main] cache:45 - TemplateLoader.findTemplateSource("exception-view/exception-view_en.ftl"): Not found
2020-05-12 01:30:18,449 DEBUG [main] cache:45 - TemplateLoader.findTemplateSource("exception-view/exception-view.ftl"): Found
2020-05-12 01:30:18,449 DEBUG [main] cache:45 - Loading template for "exception-view/exception-view.ftl"("en", UTF-8, parsed) from "jar:file:/C:/Users/johar/.gradle/caches/modules-2/files-2.1/com.aventstack/extentreports/3.1.5/8db4c7ab2a94cb4656cc6fede1bd9b93886a1c55/extentreports-3.1.5.jar!/com/aventstack/extentreports/view/html-report/exception-view/exception-view.ftl"
2020-05-12 01:30:18,453 DEBUG [main] cache:45 - Couldn't find template in cache for "dashboard-view/dashboard-view.ftl"("en", UTF-8, parsed); will try to load it.
2020-05-12 01:30:18,454 DEBUG [main] cache:45 - TemplateLoader.findTemplateSource("dashboard-view/dashboard-view_en.ftl"): Not found
2020-05-12 01:30:18,455 DEBUG [main] cache:45 - TemplateLoader.findTemplateSource("dashboard-view/dashboard-view.ftl"): Found
2020-05-12 01:30:18,455 DEBUG [main] cache:45 - Loading template for "dashboard-view/dashboard-view.ftl"("en", UTF-8, parsed) from "jar:file:/C:/Users/johar/.gradle/caches/modules-2/files-2.1/com.aventstack/extentreports/3.1.5/8db4c7ab2a94cb4656cc6fede1bd9b93886a1c55/extentreports-3.1.5.jar!/com/aventstack/extentreports/view/html-report/dashboard-view/dashboard-view.ftl"
2020-05-12 01:30:18,459 DEBUG [main] cache:45 - Couldn't find template in cache for "logs-view/testrunner-logs-view.ftl"("en", UTF-8, parsed); will try to load it.
2020-05-12 01:30:18,460 DEBUG [main] cache:45 - TemplateLoader.findTemplateSource("logs-view/testrunner-logs-view_en.ftl"): Not found
2020-05-12 01:30:18,461 DEBUG [main] cache:45 - TemplateLoader.findTemplateSource("logs-view/testrunner-logs-view.ftl"): Found
2020-05-12 01:30:18,461 DEBUG [main] cache:45 - Loading template for "logs-view/testrunner-logs-view.ftl"("en", UTF-8, parsed) from "jar:file:/C:/Users/johar/.gradle/caches/modules-2/files-2.1/com.aventstack/extentreports/3.1.5/8db4c7ab2a94cb4656cc6fede1bd9b93886a1c55/extentreports-3.1.5.jar!/com/aventstack/extentreports/view/html-report/logs-view/testrunner-logs-view.ftl"
